{
  "nbformat": 4,
  "nbformat_minor": 0,
  "metadata": {
    "colab": {
      "name": "Copy_of_classnotes_Sep17.ipynb",
      "provenance": [],
      "collapsed_sections": [],
      "include_colab_link": true
    },
    "kernelspec": {
      "name": "python3",
      "display_name": "Python 3"
    },
    "language_info": {
      "name": "python"
    }
  },
  "cells": [
    {
      "cell_type": "markdown",
      "metadata": {
        "id": "view-in-github",
        "colab_type": "text"
      },
      "source": [
        "<a href=\"https://colab.research.google.com/github/AndrewCrossman/DSPS_ACrossman/blob/main/pandasandearthquakes\" target=\"_parent\"><img src=\"https://colab.research.google.com/assets/colab-badge.svg\" alt=\"Open In Colab\"/></a>"
      ]
    },
    {
      "cell_type": "code",
      "metadata": {
        "id": "exjmh2pHJnDu"
      },
      "source": [
        "import pandas as pd\n",
        "import matplotlib.pyplot as plt"
      ],
      "execution_count": 19,
      "outputs": []
    },
    {
      "cell_type": "code",
      "metadata": {
        "id": "0gnQMQocK7CR"
      },
      "source": [
        "eqdata = pd.read_csv(\"https://raw.githubusercontent.com/fedhere/DSPS_FBianco/master/HW3/earthquakes.csv\",\n",
        "                     sep=\" \")"
      ],
      "execution_count": 20,
      "outputs": []
    },
    {
      "cell_type": "code",
      "metadata": {
        "colab": {
          "base_uri": "https://localhost:8080/"
        },
        "id": "grlcNzdfLg8x",
        "outputId": "f3307fc7-4591-4083-d984-2b90596a0485"
      },
      "source": [
        "eqdata.head(10) # Outputs first 10 lines\n",
        "eqdata.tail(10) # Outputs last 10 lines\n",
        "eqdata.describe() # Outputs statistics about data set\n",
        "eqdata.shape # Outputs shape of data set\n",
        "eqdata.columns # Outputs name of columns in data set"
      ],
      "execution_count": 21,
      "outputs": [
        {
          "output_type": "execute_result",
          "data": {
            "text/plain": [
              "Index(['#YYY/MM/DD', 'HH:mm:SS.ss', 'ET', 'GT', 'MAG', 'Unnamed: 5', 'M',\n",
              "       'Unnamed: 7', 'Unnamed: 8', 'Unnamed: 9', 'LAT', 'Unnamed: 11',\n",
              "       'Unnamed: 12', 'Unnamed: 13', 'Unnamed: 14', 'Unnamed: 15',\n",
              "       'Unnamed: 16', 'LON', 'Unnamed: 18', 'Unnamed: 19', 'Unnamed: 20',\n",
              "       'Unnamed: 21', 'Unnamed: 22', 'DEPTH', 'Q', 'Unnamed: 25', 'EVID',\n",
              "       'Unnamed: 27', 'Unnamed: 28', 'Unnamed: 29', 'Unnamed: 30',\n",
              "       'Unnamed: 31', 'NPH', 'NGRM'],\n",
              "      dtype='object')"
            ]
          },
          "metadata": {},
          "execution_count": 21
        }
      ]
    },
    {
      "cell_type": "code",
      "metadata": {
        "id": "p4SOu3uTL6Q7"
      },
      "source": [
        "eqdata[['#YYY/MM/DD', 'HH:mm:SS.ss', 'Unnamed: 5']] # Takes only a subset of data\n",
        "\n",
        "eqdata = eqdata[['#YYY/MM/DD', 'HH:mm:SS.ss', 'Unnamed: 5']].rename({'#YYY/MM/DD':\"date\", 'HH:mm:SS.ss':\"time\",\n",
        "                                                            'Unnamed: 5':\"mag\"}, axis=1) # Make a dictionary of this subset of data"
      ],
      "execution_count": 22,
      "outputs": []
    },
    {
      "cell_type": "code",
      "metadata": {
        "colab": {
          "base_uri": "https://localhost:8080/"
        },
        "id": "tmGprxJaNhWN",
        "outputId": "119baf86-2fee-445a-f469-df0c7fb28e06"
      },
      "source": [
        "eqdata.shape # Make sure it overwrote (should have 3 columns now)"
      ],
      "execution_count": 23,
      "outputs": [
        {
          "output_type": "execute_result",
          "data": {
            "text/plain": [
              "(70798, 3)"
            ]
          },
          "metadata": {},
          "execution_count": 23
        }
      ]
    },
    {
      "cell_type": "code",
      "metadata": {
        "colab": {
          "base_uri": "https://localhost:8080/",
          "height": 38
        },
        "id": "dGvjJ5ErNvcw",
        "outputId": "b036fbd0-3789-43c8-9f0f-42b2afbb099d"
      },
      "source": [
        "eqdata.iloc[0].date + \" \" + eqdata.iloc[0].time"
      ],
      "execution_count": 24,
      "outputs": [
        {
          "output_type": "execute_result",
          "data": {
            "application/vnd.google.colaboratory.intrinsic+json": {
              "type": "string"
            },
            "text/plain": [
              "'1984/01/01 01:30:57.52'"
            ]
          },
          "metadata": {},
          "execution_count": 24
        }
      ]
    },
    {
      "cell_type": "code",
      "metadata": {
        "colab": {
          "base_uri": "https://localhost:8080/",
          "height": 933
        },
        "id": "pUlZYb8LOsWv",
        "outputId": "7be64dc4-c391-4a4a-df49-168048be8671"
      },
      "source": [
        "#pd.to_datetime([eqdata.iloc[i].date + \" \" + eqdata.iloc[i].time for i in range(50000, 60000)]) #eqdata.shape[0]] # Uncomment previous if want full data set"
      ],
      "execution_count": 40,
      "outputs": [
        {
          "output_type": "error",
          "ename": "ParserError",
          "evalue": "ignored",
          "traceback": [
            "\u001b[0;31m---------------------------------------------------------------------------\u001b[0m",
            "\u001b[0;31mValueError\u001b[0m                                Traceback (most recent call last)",
            "\u001b[0;32m/usr/local/lib/python3.7/dist-packages/dateutil/parser/_parser.py\u001b[0m in \u001b[0;36mparse\u001b[0;34m(self, timestr, default, ignoretz, tzinfos, **kwargs)\u001b[0m\n\u001b[1;32m    648\u001b[0m         \u001b[0;32mtry\u001b[0m\u001b[0;34m:\u001b[0m\u001b[0;34m\u001b[0m\u001b[0;34m\u001b[0m\u001b[0m\n\u001b[0;32m--> 649\u001b[0;31m             \u001b[0mret\u001b[0m \u001b[0;34m=\u001b[0m \u001b[0mself\u001b[0m\u001b[0;34m.\u001b[0m\u001b[0m_build_naive\u001b[0m\u001b[0;34m(\u001b[0m\u001b[0mres\u001b[0m\u001b[0;34m,\u001b[0m \u001b[0mdefault\u001b[0m\u001b[0;34m)\u001b[0m\u001b[0;34m\u001b[0m\u001b[0;34m\u001b[0m\u001b[0m\n\u001b[0m\u001b[1;32m    650\u001b[0m         \u001b[0;32mexcept\u001b[0m \u001b[0mValueError\u001b[0m \u001b[0;32mas\u001b[0m \u001b[0me\u001b[0m\u001b[0;34m:\u001b[0m\u001b[0;34m\u001b[0m\u001b[0;34m\u001b[0m\u001b[0m\n",
            "\u001b[0;32m/usr/local/lib/python3.7/dist-packages/dateutil/parser/_parser.py\u001b[0m in \u001b[0;36m_build_naive\u001b[0;34m(self, res, default)\u001b[0m\n\u001b[1;32m   1234\u001b[0m \u001b[0;34m\u001b[0m\u001b[0m\n\u001b[0;32m-> 1235\u001b[0;31m         \u001b[0mnaive\u001b[0m \u001b[0;34m=\u001b[0m \u001b[0mdefault\u001b[0m\u001b[0;34m.\u001b[0m\u001b[0mreplace\u001b[0m\u001b[0;34m(\u001b[0m\u001b[0;34m**\u001b[0m\u001b[0mrepl\u001b[0m\u001b[0;34m)\u001b[0m\u001b[0;34m\u001b[0m\u001b[0;34m\u001b[0m\u001b[0m\n\u001b[0m\u001b[1;32m   1236\u001b[0m \u001b[0;34m\u001b[0m\u001b[0m\n",
            "\u001b[0;31mValueError\u001b[0m: second must be in 0..59",
            "\nThe above exception was the direct cause of the following exception:\n",
            "\u001b[0;31mParserError\u001b[0m                               Traceback (most recent call last)",
            "\u001b[0;32mpandas/_libs/tslib.pyx\u001b[0m in \u001b[0;36mpandas._libs.tslib.array_to_datetime\u001b[0;34m()\u001b[0m\n",
            "\u001b[0;32mpandas/_libs/tslibs/parsing.pyx\u001b[0m in \u001b[0;36mpandas._libs.tslibs.parsing.parse_datetime_string\u001b[0;34m()\u001b[0m\n",
            "\u001b[0;32m/usr/local/lib/python3.7/dist-packages/dateutil/parser/_parser.py\u001b[0m in \u001b[0;36mparse\u001b[0;34m(timestr, parserinfo, **kwargs)\u001b[0m\n\u001b[1;32m   1367\u001b[0m     \u001b[0;32melse\u001b[0m\u001b[0;34m:\u001b[0m\u001b[0;34m\u001b[0m\u001b[0;34m\u001b[0m\u001b[0m\n\u001b[0;32m-> 1368\u001b[0;31m         \u001b[0;32mreturn\u001b[0m \u001b[0mDEFAULTPARSER\u001b[0m\u001b[0;34m.\u001b[0m\u001b[0mparse\u001b[0m\u001b[0;34m(\u001b[0m\u001b[0mtimestr\u001b[0m\u001b[0;34m,\u001b[0m \u001b[0;34m**\u001b[0m\u001b[0mkwargs\u001b[0m\u001b[0;34m)\u001b[0m\u001b[0;34m\u001b[0m\u001b[0;34m\u001b[0m\u001b[0m\n\u001b[0m\u001b[1;32m   1369\u001b[0m \u001b[0;34m\u001b[0m\u001b[0m\n",
            "\u001b[0;32m/usr/local/lib/python3.7/dist-packages/dateutil/parser/_parser.py\u001b[0m in \u001b[0;36mparse\u001b[0;34m(self, timestr, default, ignoretz, tzinfos, **kwargs)\u001b[0m\n\u001b[1;32m    650\u001b[0m         \u001b[0;32mexcept\u001b[0m \u001b[0mValueError\u001b[0m \u001b[0;32mas\u001b[0m \u001b[0me\u001b[0m\u001b[0;34m:\u001b[0m\u001b[0;34m\u001b[0m\u001b[0;34m\u001b[0m\u001b[0m\n\u001b[0;32m--> 651\u001b[0;31m             \u001b[0msix\u001b[0m\u001b[0;34m.\u001b[0m\u001b[0mraise_from\u001b[0m\u001b[0;34m(\u001b[0m\u001b[0mParserError\u001b[0m\u001b[0;34m(\u001b[0m\u001b[0mstr\u001b[0m\u001b[0;34m(\u001b[0m\u001b[0me\u001b[0m\u001b[0;34m)\u001b[0m \u001b[0;34m+\u001b[0m \u001b[0;34m\": %s\"\u001b[0m\u001b[0;34m,\u001b[0m \u001b[0mtimestr\u001b[0m\u001b[0;34m)\u001b[0m\u001b[0;34m,\u001b[0m \u001b[0me\u001b[0m\u001b[0;34m)\u001b[0m\u001b[0;34m\u001b[0m\u001b[0;34m\u001b[0m\u001b[0m\n\u001b[0m\u001b[1;32m    652\u001b[0m \u001b[0;34m\u001b[0m\u001b[0m\n",
            "\u001b[0;32m/usr/local/lib/python3.7/dist-packages/six.py\u001b[0m in \u001b[0;36mraise_from\u001b[0;34m(value, from_value)\u001b[0m\n",
            "\u001b[0;31mParserError\u001b[0m: second must be in 0..59: 1995/07/08 15:34:60.00",
            "\nDuring handling of the above exception, another exception occurred:\n",
            "\u001b[0;31mTypeError\u001b[0m                                 Traceback (most recent call last)",
            "\u001b[0;32mpandas/_libs/tslib.pyx\u001b[0m in \u001b[0;36mpandas._libs.tslib.array_to_datetime\u001b[0;34m()\u001b[0m\n",
            "\u001b[0;31mTypeError\u001b[0m: invalid string coercion to datetime",
            "\nDuring handling of the above exception, another exception occurred:\n",
            "\u001b[0;31mValueError\u001b[0m                                Traceback (most recent call last)",
            "\u001b[0;32m/usr/local/lib/python3.7/dist-packages/dateutil/parser/_parser.py\u001b[0m in \u001b[0;36mparse\u001b[0;34m(self, timestr, default, ignoretz, tzinfos, **kwargs)\u001b[0m\n\u001b[1;32m    648\u001b[0m         \u001b[0;32mtry\u001b[0m\u001b[0;34m:\u001b[0m\u001b[0;34m\u001b[0m\u001b[0;34m\u001b[0m\u001b[0m\n\u001b[0;32m--> 649\u001b[0;31m             \u001b[0mret\u001b[0m \u001b[0;34m=\u001b[0m \u001b[0mself\u001b[0m\u001b[0;34m.\u001b[0m\u001b[0m_build_naive\u001b[0m\u001b[0;34m(\u001b[0m\u001b[0mres\u001b[0m\u001b[0;34m,\u001b[0m \u001b[0mdefault\u001b[0m\u001b[0;34m)\u001b[0m\u001b[0;34m\u001b[0m\u001b[0;34m\u001b[0m\u001b[0m\n\u001b[0m\u001b[1;32m    650\u001b[0m         \u001b[0;32mexcept\u001b[0m \u001b[0mValueError\u001b[0m \u001b[0;32mas\u001b[0m \u001b[0me\u001b[0m\u001b[0;34m:\u001b[0m\u001b[0;34m\u001b[0m\u001b[0;34m\u001b[0m\u001b[0m\n",
            "\u001b[0;32m/usr/local/lib/python3.7/dist-packages/dateutil/parser/_parser.py\u001b[0m in \u001b[0;36m_build_naive\u001b[0;34m(self, res, default)\u001b[0m\n\u001b[1;32m   1234\u001b[0m \u001b[0;34m\u001b[0m\u001b[0m\n\u001b[0;32m-> 1235\u001b[0;31m         \u001b[0mnaive\u001b[0m \u001b[0;34m=\u001b[0m \u001b[0mdefault\u001b[0m\u001b[0;34m.\u001b[0m\u001b[0mreplace\u001b[0m\u001b[0;34m(\u001b[0m\u001b[0;34m**\u001b[0m\u001b[0mrepl\u001b[0m\u001b[0;34m)\u001b[0m\u001b[0;34m\u001b[0m\u001b[0;34m\u001b[0m\u001b[0m\n\u001b[0m\u001b[1;32m   1236\u001b[0m \u001b[0;34m\u001b[0m\u001b[0m\n",
            "\u001b[0;31mValueError\u001b[0m: second must be in 0..59",
            "\nThe above exception was the direct cause of the following exception:\n",
            "\u001b[0;31mParserError\u001b[0m                               Traceback (most recent call last)",
            "\u001b[0;32m<ipython-input-40-9a1afc2e19cf>\u001b[0m in \u001b[0;36m<module>\u001b[0;34m()\u001b[0m\n\u001b[0;32m----> 1\u001b[0;31m \u001b[0mpd\u001b[0m\u001b[0;34m.\u001b[0m\u001b[0mto_datetime\u001b[0m\u001b[0;34m(\u001b[0m\u001b[0;34m[\u001b[0m\u001b[0meqdata\u001b[0m\u001b[0;34m.\u001b[0m\u001b[0miloc\u001b[0m\u001b[0;34m[\u001b[0m\u001b[0mi\u001b[0m\u001b[0;34m]\u001b[0m\u001b[0;34m.\u001b[0m\u001b[0mdate\u001b[0m \u001b[0;34m+\u001b[0m \u001b[0;34m\" \"\u001b[0m \u001b[0;34m+\u001b[0m \u001b[0meqdata\u001b[0m\u001b[0;34m.\u001b[0m\u001b[0miloc\u001b[0m\u001b[0;34m[\u001b[0m\u001b[0mi\u001b[0m\u001b[0;34m]\u001b[0m\u001b[0;34m.\u001b[0m\u001b[0mtime\u001b[0m \u001b[0;32mfor\u001b[0m \u001b[0mi\u001b[0m \u001b[0;32min\u001b[0m \u001b[0mrange\u001b[0m\u001b[0;34m(\u001b[0m\u001b[0;36m50000\u001b[0m\u001b[0;34m,\u001b[0m \u001b[0;36m60000\u001b[0m\u001b[0;34m)\u001b[0m\u001b[0;34m]\u001b[0m\u001b[0;34m)\u001b[0m \u001b[0;31m#eqdata.shape[0]] # Uncomment previous if want full data set\u001b[0m\u001b[0;34m\u001b[0m\u001b[0;34m\u001b[0m\u001b[0m\n\u001b[0m",
            "\u001b[0;32m/usr/local/lib/python3.7/dist-packages/pandas/core/tools/datetimes.py\u001b[0m in \u001b[0;36mto_datetime\u001b[0;34m(arg, errors, dayfirst, yearfirst, utc, format, exact, unit, infer_datetime_format, origin, cache)\u001b[0m\n\u001b[1;32m    826\u001b[0m             \u001b[0mresult\u001b[0m \u001b[0;34m=\u001b[0m \u001b[0m_convert_and_box_cache\u001b[0m\u001b[0;34m(\u001b[0m\u001b[0marg\u001b[0m\u001b[0;34m,\u001b[0m \u001b[0mcache_array\u001b[0m\u001b[0;34m)\u001b[0m\u001b[0;34m\u001b[0m\u001b[0;34m\u001b[0m\u001b[0m\n\u001b[1;32m    827\u001b[0m         \u001b[0;32melse\u001b[0m\u001b[0;34m:\u001b[0m\u001b[0;34m\u001b[0m\u001b[0;34m\u001b[0m\u001b[0m\n\u001b[0;32m--> 828\u001b[0;31m             \u001b[0mresult\u001b[0m \u001b[0;34m=\u001b[0m \u001b[0mconvert_listlike\u001b[0m\u001b[0;34m(\u001b[0m\u001b[0marg\u001b[0m\u001b[0;34m,\u001b[0m \u001b[0mformat\u001b[0m\u001b[0;34m)\u001b[0m\u001b[0;34m\u001b[0m\u001b[0;34m\u001b[0m\u001b[0m\n\u001b[0m\u001b[1;32m    829\u001b[0m     \u001b[0;32melse\u001b[0m\u001b[0;34m:\u001b[0m\u001b[0;34m\u001b[0m\u001b[0;34m\u001b[0m\u001b[0m\n\u001b[1;32m    830\u001b[0m         \u001b[0mresult\u001b[0m \u001b[0;34m=\u001b[0m \u001b[0mconvert_listlike\u001b[0m\u001b[0;34m(\u001b[0m\u001b[0mnp\u001b[0m\u001b[0;34m.\u001b[0m\u001b[0marray\u001b[0m\u001b[0;34m(\u001b[0m\u001b[0;34m[\u001b[0m\u001b[0marg\u001b[0m\u001b[0;34m]\u001b[0m\u001b[0;34m)\u001b[0m\u001b[0;34m,\u001b[0m \u001b[0mformat\u001b[0m\u001b[0;34m)\u001b[0m\u001b[0;34m[\u001b[0m\u001b[0;36m0\u001b[0m\u001b[0;34m]\u001b[0m\u001b[0;34m\u001b[0m\u001b[0;34m\u001b[0m\u001b[0m\n",
            "\u001b[0;32m/usr/local/lib/python3.7/dist-packages/pandas/core/tools/datetimes.py\u001b[0m in \u001b[0;36m_convert_listlike_datetimes\u001b[0;34m(arg, format, name, tz, unit, errors, infer_datetime_format, dayfirst, yearfirst, exact)\u001b[0m\n\u001b[1;32m    464\u001b[0m             \u001b[0merrors\u001b[0m\u001b[0;34m=\u001b[0m\u001b[0merrors\u001b[0m\u001b[0;34m,\u001b[0m\u001b[0;34m\u001b[0m\u001b[0;34m\u001b[0m\u001b[0m\n\u001b[1;32m    465\u001b[0m             \u001b[0mrequire_iso8601\u001b[0m\u001b[0;34m=\u001b[0m\u001b[0mrequire_iso8601\u001b[0m\u001b[0;34m,\u001b[0m\u001b[0;34m\u001b[0m\u001b[0;34m\u001b[0m\u001b[0m\n\u001b[0;32m--> 466\u001b[0;31m             \u001b[0mallow_object\u001b[0m\u001b[0;34m=\u001b[0m\u001b[0;32mTrue\u001b[0m\u001b[0;34m,\u001b[0m\u001b[0;34m\u001b[0m\u001b[0;34m\u001b[0m\u001b[0m\n\u001b[0m\u001b[1;32m    467\u001b[0m         )\n\u001b[1;32m    468\u001b[0m \u001b[0;34m\u001b[0m\u001b[0m\n",
            "\u001b[0;32m/usr/local/lib/python3.7/dist-packages/pandas/core/arrays/datetimes.py\u001b[0m in \u001b[0;36mobjects_to_datetime64ns\u001b[0;34m(data, dayfirst, yearfirst, utc, errors, require_iso8601, allow_object)\u001b[0m\n\u001b[1;32m   2062\u001b[0m             \u001b[0;32mreturn\u001b[0m \u001b[0mvalues\u001b[0m\u001b[0;34m.\u001b[0m\u001b[0mview\u001b[0m\u001b[0;34m(\u001b[0m\u001b[0;34m\"i8\"\u001b[0m\u001b[0;34m)\u001b[0m\u001b[0;34m,\u001b[0m \u001b[0mtz_parsed\u001b[0m\u001b[0;34m\u001b[0m\u001b[0;34m\u001b[0m\u001b[0m\n\u001b[1;32m   2063\u001b[0m         \u001b[0;32mexcept\u001b[0m \u001b[0;34m(\u001b[0m\u001b[0mValueError\u001b[0m\u001b[0;34m,\u001b[0m \u001b[0mTypeError\u001b[0m\u001b[0;34m)\u001b[0m\u001b[0;34m:\u001b[0m\u001b[0;34m\u001b[0m\u001b[0;34m\u001b[0m\u001b[0m\n\u001b[0;32m-> 2064\u001b[0;31m             \u001b[0;32mraise\u001b[0m \u001b[0me\u001b[0m\u001b[0;34m\u001b[0m\u001b[0;34m\u001b[0m\u001b[0m\n\u001b[0m\u001b[1;32m   2065\u001b[0m \u001b[0;34m\u001b[0m\u001b[0m\n\u001b[1;32m   2066\u001b[0m     \u001b[0;32mif\u001b[0m \u001b[0mtz_parsed\u001b[0m \u001b[0;32mis\u001b[0m \u001b[0;32mnot\u001b[0m \u001b[0;32mNone\u001b[0m\u001b[0;34m:\u001b[0m\u001b[0;34m\u001b[0m\u001b[0;34m\u001b[0m\u001b[0m\n",
            "\u001b[0;32m/usr/local/lib/python3.7/dist-packages/pandas/core/arrays/datetimes.py\u001b[0m in \u001b[0;36mobjects_to_datetime64ns\u001b[0;34m(data, dayfirst, yearfirst, utc, errors, require_iso8601, allow_object)\u001b[0m\n\u001b[1;32m   2053\u001b[0m             \u001b[0mdayfirst\u001b[0m\u001b[0;34m=\u001b[0m\u001b[0mdayfirst\u001b[0m\u001b[0;34m,\u001b[0m\u001b[0;34m\u001b[0m\u001b[0;34m\u001b[0m\u001b[0m\n\u001b[1;32m   2054\u001b[0m             \u001b[0myearfirst\u001b[0m\u001b[0;34m=\u001b[0m\u001b[0myearfirst\u001b[0m\u001b[0;34m,\u001b[0m\u001b[0;34m\u001b[0m\u001b[0;34m\u001b[0m\u001b[0m\n\u001b[0;32m-> 2055\u001b[0;31m             \u001b[0mrequire_iso8601\u001b[0m\u001b[0;34m=\u001b[0m\u001b[0mrequire_iso8601\u001b[0m\u001b[0;34m,\u001b[0m\u001b[0;34m\u001b[0m\u001b[0;34m\u001b[0m\u001b[0m\n\u001b[0m\u001b[1;32m   2056\u001b[0m         )\n\u001b[1;32m   2057\u001b[0m     \u001b[0;32mexcept\u001b[0m \u001b[0mValueError\u001b[0m \u001b[0;32mas\u001b[0m \u001b[0me\u001b[0m\u001b[0;34m:\u001b[0m\u001b[0;34m\u001b[0m\u001b[0;34m\u001b[0m\u001b[0m\n",
            "\u001b[0;32mpandas/_libs/tslib.pyx\u001b[0m in \u001b[0;36mpandas._libs.tslib.array_to_datetime\u001b[0;34m()\u001b[0m\n",
            "\u001b[0;32mpandas/_libs/tslib.pyx\u001b[0m in \u001b[0;36mpandas._libs.tslib.array_to_datetime\u001b[0;34m()\u001b[0m\n",
            "\u001b[0;32mpandas/_libs/tslib.pyx\u001b[0m in \u001b[0;36mpandas._libs.tslib.array_to_datetime_object\u001b[0;34m()\u001b[0m\n",
            "\u001b[0;32mpandas/_libs/tslib.pyx\u001b[0m in \u001b[0;36mpandas._libs.tslib.array_to_datetime_object\u001b[0;34m()\u001b[0m\n",
            "\u001b[0;32mpandas/_libs/tslibs/parsing.pyx\u001b[0m in \u001b[0;36mpandas._libs.tslibs.parsing.parse_datetime_string\u001b[0;34m()\u001b[0m\n",
            "\u001b[0;32m/usr/local/lib/python3.7/dist-packages/dateutil/parser/_parser.py\u001b[0m in \u001b[0;36mparse\u001b[0;34m(timestr, parserinfo, **kwargs)\u001b[0m\n\u001b[1;32m   1366\u001b[0m         \u001b[0;32mreturn\u001b[0m \u001b[0mparser\u001b[0m\u001b[0;34m(\u001b[0m\u001b[0mparserinfo\u001b[0m\u001b[0;34m)\u001b[0m\u001b[0;34m.\u001b[0m\u001b[0mparse\u001b[0m\u001b[0;34m(\u001b[0m\u001b[0mtimestr\u001b[0m\u001b[0;34m,\u001b[0m \u001b[0;34m**\u001b[0m\u001b[0mkwargs\u001b[0m\u001b[0;34m)\u001b[0m\u001b[0;34m\u001b[0m\u001b[0;34m\u001b[0m\u001b[0m\n\u001b[1;32m   1367\u001b[0m     \u001b[0;32melse\u001b[0m\u001b[0;34m:\u001b[0m\u001b[0;34m\u001b[0m\u001b[0;34m\u001b[0m\u001b[0m\n\u001b[0;32m-> 1368\u001b[0;31m         \u001b[0;32mreturn\u001b[0m \u001b[0mDEFAULTPARSER\u001b[0m\u001b[0;34m.\u001b[0m\u001b[0mparse\u001b[0m\u001b[0;34m(\u001b[0m\u001b[0mtimestr\u001b[0m\u001b[0;34m,\u001b[0m \u001b[0;34m**\u001b[0m\u001b[0mkwargs\u001b[0m\u001b[0;34m)\u001b[0m\u001b[0;34m\u001b[0m\u001b[0;34m\u001b[0m\u001b[0m\n\u001b[0m\u001b[1;32m   1369\u001b[0m \u001b[0;34m\u001b[0m\u001b[0m\n\u001b[1;32m   1370\u001b[0m \u001b[0;34m\u001b[0m\u001b[0m\n",
            "\u001b[0;32m/usr/local/lib/python3.7/dist-packages/dateutil/parser/_parser.py\u001b[0m in \u001b[0;36mparse\u001b[0;34m(self, timestr, default, ignoretz, tzinfos, **kwargs)\u001b[0m\n\u001b[1;32m    649\u001b[0m             \u001b[0mret\u001b[0m \u001b[0;34m=\u001b[0m \u001b[0mself\u001b[0m\u001b[0;34m.\u001b[0m\u001b[0m_build_naive\u001b[0m\u001b[0;34m(\u001b[0m\u001b[0mres\u001b[0m\u001b[0;34m,\u001b[0m \u001b[0mdefault\u001b[0m\u001b[0;34m)\u001b[0m\u001b[0;34m\u001b[0m\u001b[0;34m\u001b[0m\u001b[0m\n\u001b[1;32m    650\u001b[0m         \u001b[0;32mexcept\u001b[0m \u001b[0mValueError\u001b[0m \u001b[0;32mas\u001b[0m \u001b[0me\u001b[0m\u001b[0;34m:\u001b[0m\u001b[0;34m\u001b[0m\u001b[0;34m\u001b[0m\u001b[0m\n\u001b[0;32m--> 651\u001b[0;31m             \u001b[0msix\u001b[0m\u001b[0;34m.\u001b[0m\u001b[0mraise_from\u001b[0m\u001b[0;34m(\u001b[0m\u001b[0mParserError\u001b[0m\u001b[0;34m(\u001b[0m\u001b[0mstr\u001b[0m\u001b[0;34m(\u001b[0m\u001b[0me\u001b[0m\u001b[0;34m)\u001b[0m \u001b[0;34m+\u001b[0m \u001b[0;34m\": %s\"\u001b[0m\u001b[0;34m,\u001b[0m \u001b[0mtimestr\u001b[0m\u001b[0;34m)\u001b[0m\u001b[0;34m,\u001b[0m \u001b[0me\u001b[0m\u001b[0;34m)\u001b[0m\u001b[0;34m\u001b[0m\u001b[0;34m\u001b[0m\u001b[0m\n\u001b[0m\u001b[1;32m    652\u001b[0m \u001b[0;34m\u001b[0m\u001b[0m\n\u001b[1;32m    653\u001b[0m         \u001b[0;32mif\u001b[0m \u001b[0;32mnot\u001b[0m \u001b[0mignoretz\u001b[0m\u001b[0;34m:\u001b[0m\u001b[0;34m\u001b[0m\u001b[0;34m\u001b[0m\u001b[0m\n",
            "\u001b[0;32m/usr/local/lib/python3.7/dist-packages/six.py\u001b[0m in \u001b[0;36mraise_from\u001b[0;34m(value, from_value)\u001b[0m\n",
            "\u001b[0;31mParserError\u001b[0m: second must be in 0..59: 1995/07/08 15:34:60.00"
          ]
        }
      ]
    },
    {
      "cell_type": "code",
      "metadata": {
        "colab": {
          "base_uri": "https://localhost:8080/"
        },
        "id": "h5CoBMyiQ9Ku",
        "outputId": "41def9ce-6e3c-4079-fd5c-9a15637f08a1"
      },
      "source": [
        "eqdata.iloc[59503]"
      ],
      "execution_count": 18,
      "outputs": [
        {
          "output_type": "execute_result",
          "data": {
            "text/plain": [
              "date                    1999/08/14\n",
              "time                   06:41:60.00\n",
              "mag                              2\n",
              "datetime    1999/08/14 06:41:59.99\n",
              "Name: 59503, dtype: object"
            ]
          },
          "metadata": {},
          "execution_count": 18
        }
      ]
    },
    {
      "cell_type": "code",
      "metadata": {
        "colab": {
          "base_uri": "https://localhost:8080/",
          "height": 35
        },
        "id": "y7by23IiRBSk",
        "outputId": "f77f0ada-cdc3-480e-d35b-a4f2e39e151d"
      },
      "source": [
        "eqdata.iloc[59503].time"
      ],
      "execution_count": null,
      "outputs": [
        {
          "output_type": "execute_result",
          "data": {
            "application/vnd.google.colaboratory.intrinsic+json": {
              "type": "string"
            },
            "text/plain": [
              "'06:41:60.00'"
            ]
          },
          "metadata": {},
          "execution_count": 21
        }
      ]
    },
    {
      "cell_type": "code",
      "metadata": {
        "id": "jRf3bpO5ReJB"
      },
      "source": [
        "eqdata[\"datetime\"] = pd.to_datetime([eqdata.iloc[i].date + \" \" \n",
        "                                     + eqdata.iloc[i].time for i in range(len(eqdata))])\n"
      ],
      "execution_count": 42,
      "outputs": []
    },
    {
      "cell_type": "code",
      "metadata": {
        "id": "RmFxaDIkRNMQ"
      },
      "source": [
        "eqdata[\"time\"] = eqdata[\"time\"].str.replace(\"60.00\", \"59.99\")"
      ],
      "execution_count": 41,
      "outputs": []
    },
    {
      "cell_type": "code",
      "metadata": {
        "colab": {
          "base_uri": "https://localhost:8080/"
        },
        "id": "Bd8oMbQzhau_",
        "outputId": "283be333-068f-445e-98f6-00291a819cba"
      },
      "source": [
        "eqdata.iloc[59503]"
      ],
      "execution_count": 44,
      "outputs": [
        {
          "output_type": "execute_result",
          "data": {
            "text/plain": [
              "date                        1999/08/14\n",
              "time                       06:41:59.99\n",
              "mag                                  2\n",
              "datetime    1999-08-14 06:41:59.990000\n",
              "Name: 59503, dtype: object"
            ]
          },
          "metadata": {},
          "execution_count": 44
        }
      ]
    },
    {
      "cell_type": "code",
      "metadata": {
        "colab": {
          "base_uri": "https://localhost:8080/"
        },
        "id": "ds1uYHukR1y-",
        "outputId": "827629f0-7867-49ff-b6c9-f3e85c3cb7a5"
      },
      "source": [
        "pd.to_datetime(eqdata[\"datetime\"])"
      ],
      "execution_count": 43,
      "outputs": [
        {
          "output_type": "execute_result",
          "data": {
            "text/plain": [
              "0       1984-01-01 01:30:57.520\n",
              "1       1984-01-01 05:31:34.160\n",
              "2       1984-01-01 06:59:05.140\n",
              "3       1984-01-01 11:10:25.290\n",
              "4       1984-01-01 19:38:19.790\n",
              "                  ...          \n",
              "70793   2002-12-29 19:37:24.560\n",
              "70794   2002-12-29 20:17:33.400\n",
              "70795   2002-12-29 20:21:28.730\n",
              "70796   2002-12-30 21:51:52.550\n",
              "70797   2002-12-30 23:38:49.790\n",
              "Name: datetime, Length: 70798, dtype: datetime64[ns]"
            ]
          },
          "metadata": {},
          "execution_count": 43
        }
      ]
    },
    {
      "cell_type": "code",
      "metadata": {
        "colab": {
          "base_uri": "https://localhost:8080/"
        },
        "id": "IG18h4OHR5y_",
        "outputId": "efb8455d-eb8e-4886-f5b2-7fc04d98c2b1"
      },
      "source": [
        "pd.to_datetime(eqdata[\"datetime\"]).diff()"
      ],
      "execution_count": 45,
      "outputs": [
        {
          "output_type": "execute_result",
          "data": {
            "text/plain": [
              "0                          NaT\n",
              "1       0 days 04:00:36.640000\n",
              "2       0 days 01:27:30.980000\n",
              "3       0 days 04:11:20.150000\n",
              "4       0 days 08:27:54.500000\n",
              "                 ...          \n",
              "70793   0 days 00:00:30.140000\n",
              "70794   0 days 00:40:08.840000\n",
              "70795   0 days 00:03:55.330000\n",
              "70796   1 days 01:30:23.820000\n",
              "70797   0 days 01:46:57.240000\n",
              "Name: datetime, Length: 70798, dtype: timedelta64[ns]"
            ]
          },
          "metadata": {},
          "execution_count": 45
        }
      ]
    },
    {
      "cell_type": "code",
      "metadata": {
        "id": "jaB_bJzVR-Nf"
      },
      "source": [
        "eqdata[\"dts\"] = pd.to_datetime(eqdata[\"datetime\"]).diff()"
      ],
      "execution_count": null,
      "outputs": []
    },
    {
      "cell_type": "code",
      "metadata": {
        "colab": {
          "base_uri": "https://localhost:8080/",
          "height": 419
        },
        "id": "seSFmD9iSWTQ",
        "outputId": "5f85c496-d3a1-45a9-f1dd-2e214ea64cb3"
      },
      "source": [
        "eqdata"
      ],
      "execution_count": null,
      "outputs": [
        {
          "output_type": "execute_result",
          "data": {
            "text/html": [
              "<div>\n",
              "<style scoped>\n",
              "    .dataframe tbody tr th:only-of-type {\n",
              "        vertical-align: middle;\n",
              "    }\n",
              "\n",
              "    .dataframe tbody tr th {\n",
              "        vertical-align: top;\n",
              "    }\n",
              "\n",
              "    .dataframe thead th {\n",
              "        text-align: right;\n",
              "    }\n",
              "</style>\n",
              "<table border=\"1\" class=\"dataframe\">\n",
              "  <thead>\n",
              "    <tr style=\"text-align: right;\">\n",
              "      <th></th>\n",
              "      <th>date</th>\n",
              "      <th>time</th>\n",
              "      <th>mag</th>\n",
              "      <th>datetime</th>\n",
              "      <th>dts</th>\n",
              "    </tr>\n",
              "  </thead>\n",
              "  <tbody>\n",
              "    <tr>\n",
              "      <th>0</th>\n",
              "      <td>1984/01/01</td>\n",
              "      <td>01:30:57.52</td>\n",
              "      <td>2.02</td>\n",
              "      <td>1984/01/01 01:30:57.52</td>\n",
              "      <td>NaT</td>\n",
              "    </tr>\n",
              "    <tr>\n",
              "      <th>1</th>\n",
              "      <td>1984/01/01</td>\n",
              "      <td>05:31:34.16</td>\n",
              "      <td>2.12</td>\n",
              "      <td>1984/01/01 05:31:34.16</td>\n",
              "      <td>0 days 04:00:36.640000</td>\n",
              "    </tr>\n",
              "    <tr>\n",
              "      <th>2</th>\n",
              "      <td>1984/01/01</td>\n",
              "      <td>06:59:05.14</td>\n",
              "      <td>2.43</td>\n",
              "      <td>1984/01/01 06:59:05.14</td>\n",
              "      <td>0 days 01:27:30.980000</td>\n",
              "    </tr>\n",
              "    <tr>\n",
              "      <th>3</th>\n",
              "      <td>1984/01/01</td>\n",
              "      <td>11:10:25.29</td>\n",
              "      <td>2.07</td>\n",
              "      <td>1984/01/01 11:10:25.29</td>\n",
              "      <td>0 days 04:11:20.150000</td>\n",
              "    </tr>\n",
              "    <tr>\n",
              "      <th>4</th>\n",
              "      <td>1984/01/01</td>\n",
              "      <td>19:38:19.79</td>\n",
              "      <td>2.13</td>\n",
              "      <td>1984/01/01 19:38:19.79</td>\n",
              "      <td>0 days 08:27:54.500000</td>\n",
              "    </tr>\n",
              "    <tr>\n",
              "      <th>...</th>\n",
              "      <td>...</td>\n",
              "      <td>...</td>\n",
              "      <td>...</td>\n",
              "      <td>...</td>\n",
              "      <td>...</td>\n",
              "    </tr>\n",
              "    <tr>\n",
              "      <th>70793</th>\n",
              "      <td>2002/12/29</td>\n",
              "      <td>19:37:24.56</td>\n",
              "      <td>2.21</td>\n",
              "      <td>2002/12/29 19:37:24.56</td>\n",
              "      <td>0 days 00:00:30.140000</td>\n",
              "    </tr>\n",
              "    <tr>\n",
              "      <th>70794</th>\n",
              "      <td>2002/12/29</td>\n",
              "      <td>20:17:33.40</td>\n",
              "      <td>2.02</td>\n",
              "      <td>2002/12/29 20:17:33.40</td>\n",
              "      <td>0 days 00:40:08.840000</td>\n",
              "    </tr>\n",
              "    <tr>\n",
              "      <th>70795</th>\n",
              "      <td>2002/12/29</td>\n",
              "      <td>20:21:28.73</td>\n",
              "      <td>2.07</td>\n",
              "      <td>2002/12/29 20:21:28.73</td>\n",
              "      <td>0 days 00:03:55.330000</td>\n",
              "    </tr>\n",
              "    <tr>\n",
              "      <th>70796</th>\n",
              "      <td>2002/12/30</td>\n",
              "      <td>21:51:52.55</td>\n",
              "      <td>2.31</td>\n",
              "      <td>2002/12/30 21:51:52.55</td>\n",
              "      <td>1 days 01:30:23.820000</td>\n",
              "    </tr>\n",
              "    <tr>\n",
              "      <th>70797</th>\n",
              "      <td>2002/12/30</td>\n",
              "      <td>23:38:49.79</td>\n",
              "      <td>2.05</td>\n",
              "      <td>2002/12/30 23:38:49.79</td>\n",
              "      <td>0 days 01:46:57.240000</td>\n",
              "    </tr>\n",
              "  </tbody>\n",
              "</table>\n",
              "<p>70798 rows × 5 columns</p>\n",
              "</div>"
            ],
            "text/plain": [
              "             date         time  ...                datetime                    dts\n",
              "0      1984/01/01  01:30:57.52  ...  1984/01/01 01:30:57.52                    NaT\n",
              "1      1984/01/01  05:31:34.16  ...  1984/01/01 05:31:34.16 0 days 04:00:36.640000\n",
              "2      1984/01/01  06:59:05.14  ...  1984/01/01 06:59:05.14 0 days 01:27:30.980000\n",
              "3      1984/01/01  11:10:25.29  ...  1984/01/01 11:10:25.29 0 days 04:11:20.150000\n",
              "4      1984/01/01  19:38:19.79  ...  1984/01/01 19:38:19.79 0 days 08:27:54.500000\n",
              "...           ...          ...  ...                     ...                    ...\n",
              "70793  2002/12/29  19:37:24.56  ...  2002/12/29 19:37:24.56 0 days 00:00:30.140000\n",
              "70794  2002/12/29  20:17:33.40  ...  2002/12/29 20:17:33.40 0 days 00:40:08.840000\n",
              "70795  2002/12/29  20:21:28.73  ...  2002/12/29 20:21:28.73 0 days 00:03:55.330000\n",
              "70796  2002/12/30  21:51:52.55  ...  2002/12/30 21:51:52.55 1 days 01:30:23.820000\n",
              "70797  2002/12/30  23:38:49.79  ...  2002/12/30 23:38:49.79 0 days 01:46:57.240000\n",
              "\n",
              "[70798 rows x 5 columns]"
            ]
          },
          "metadata": {},
          "execution_count": 27
        }
      ]
    },
    {
      "cell_type": "code",
      "metadata": {
        "id": "86v2dEKHSXYC",
        "colab": {
          "base_uri": "https://localhost:8080/",
          "height": 297
        },
        "outputId": "e043a859-4f1b-47bd-da08-8d1df4fdadde"
      },
      "source": [
        "eqdata.describe()"
      ],
      "execution_count": 32,
      "outputs": [
        {
          "output_type": "execute_result",
          "data": {
            "text/html": [
              "<div>\n",
              "<style scoped>\n",
              "    .dataframe tbody tr th:only-of-type {\n",
              "        vertical-align: middle;\n",
              "    }\n",
              "\n",
              "    .dataframe tbody tr th {\n",
              "        vertical-align: top;\n",
              "    }\n",
              "\n",
              "    .dataframe thead th {\n",
              "        text-align: right;\n",
              "    }\n",
              "</style>\n",
              "<table border=\"1\" class=\"dataframe\">\n",
              "  <thead>\n",
              "    <tr style=\"text-align: right;\">\n",
              "      <th></th>\n",
              "      <th>mag</th>\n",
              "    </tr>\n",
              "  </thead>\n",
              "  <tbody>\n",
              "    <tr>\n",
              "      <th>count</th>\n",
              "      <td>70798.000000</td>\n",
              "    </tr>\n",
              "    <tr>\n",
              "      <th>mean</th>\n",
              "      <td>2.417826</td>\n",
              "    </tr>\n",
              "    <tr>\n",
              "      <th>std</th>\n",
              "      <td>0.407683</td>\n",
              "    </tr>\n",
              "    <tr>\n",
              "      <th>min</th>\n",
              "      <td>2.000000</td>\n",
              "    </tr>\n",
              "    <tr>\n",
              "      <th>25%</th>\n",
              "      <td>2.120000</td>\n",
              "    </tr>\n",
              "    <tr>\n",
              "      <th>50%</th>\n",
              "      <td>2.300000</td>\n",
              "    </tr>\n",
              "    <tr>\n",
              "      <th>75%</th>\n",
              "      <td>2.590000</td>\n",
              "    </tr>\n",
              "    <tr>\n",
              "      <th>max</th>\n",
              "      <td>7.100000</td>\n",
              "    </tr>\n",
              "  </tbody>\n",
              "</table>\n",
              "</div>"
            ],
            "text/plain": [
              "                mag\n",
              "count  70798.000000\n",
              "mean       2.417826\n",
              "std        0.407683\n",
              "min        2.000000\n",
              "25%        2.120000\n",
              "50%        2.300000\n",
              "75%        2.590000\n",
              "max        7.100000"
            ]
          },
          "metadata": {},
          "execution_count": 32
        }
      ]
    },
    {
      "cell_type": "code",
      "metadata": {
        "colab": {
          "base_uri": "https://localhost:8080/"
        },
        "id": "etlCcedJjKSt",
        "outputId": "d39554dc-f713-479f-a7d8-dfaa1e8d1321"
      },
      "source": [
        "(eqdata.mag <2).sum()\n",
        "(eqdata.mag >2).sum()"
      ],
      "execution_count": 36,
      "outputs": [
        {
          "output_type": "execute_result",
          "data": {
            "text/plain": [
              "67927"
            ]
          },
          "metadata": {},
          "execution_count": 36
        }
      ]
    },
    {
      "cell_type": "code",
      "metadata": {
        "colab": {
          "base_uri": "https://localhost:8080/",
          "height": 283
        },
        "id": "FDuRxqOjjqat",
        "outputId": "feeac570-192a-4874-a9a4-a7a62c1fa44f"
      },
      "source": [
        "eqdata.mag.hist()"
      ],
      "execution_count": 38,
      "outputs": [
        {
          "output_type": "execute_result",
          "data": {
            "text/plain": [
              "<matplotlib.axes._subplots.AxesSubplot at 0x7f119add8790>"
            ]
          },
          "metadata": {},
          "execution_count": 38
        },
        {
          "output_type": "display_data",
          "data": {
            "image/png": "iVBORw0KGgoAAAANSUhEUgAAAYMAAAD4CAYAAAAO9oqkAAAABHNCSVQICAgIfAhkiAAAAAlwSFlzAAALEgAACxIB0t1+/AAAADh0RVh0U29mdHdhcmUAbWF0cGxvdGxpYiB2ZXJzaW9uMy4yLjIsIGh0dHA6Ly9tYXRwbG90bGliLm9yZy+WH4yJAAARqUlEQVR4nO3db4xddZ3H8ffHVrSLIijupGnJlsTGDUJEnECNxsxKhCJGeKAGwkolrN1E2Gi2iVt8QvyX4APUxajZRrqWXRRZlLSRam2Am10foJQ/WgEJI5bQBuhq+eNo1NT97oP51VzrlLmdzr23nft+JTdzzvf8zjm/byH9zDn33NtUFZKk0faSYU9AkjR8hoEkyTCQJBkGkiQMA0kSsHjYE5irk08+uVasWDGnfX/zm99w/PHHz++EjlKj1CvY70I3Sv32o9f77rvvl1X12pm2HbNhsGLFCnbs2DGnfTudDhMTE/M7oaPUKPUK9rvQjVK//eg1yROH2uZtIkmSYSBJ6jEMkuxKsjPJg0l2tNqrk2xP8lj7eVKrJ8kNSSaT/CTJWV3HWdPGP5ZkTVf9ze34k23fzHejkqRDO5wrg7+rqjOrarytrwfurKqVwJ1tHeACYGV7rQW+AtPhAVwLnAOcDVx7IEDamA917bd6zh1Jkg7bkdwmugjY1JY3ARd31W+qafcAJyZZCpwPbK+qfVX1LLAdWN22nVBV99T0FyXd1HUsSdIA9Po0UQHfT1LAv1XVBmCsqp5q258GxtryMuDJrn13t9qL1XfPUP8LSdYyfbXB2NgYnU6nx+n/uampqTnve6wZpV7Bfhe6Uep30L32GgZvq6o9Sf4a2J7kZ90bq6paUPRVC6ENAOPj4zXXx658PG3hst+FbZT6HXSvPd0mqqo97ede4Ham7/k/027x0H7ubcP3AKd07b681V6svnyGuiRpQGYNgyTHJ3nlgWXgPOCnwBbgwBNBa4DNbXkLcHl7qmgV8Hy7nbQNOC/JSe2N4/OAbW3bC0lWtaeILu86liRpAHq5TTQG3N6e9lwMfL2qvpfkXuDWJFcCTwDvb+O3Au8CJoHfAlcAVNW+JJ8C7m3jPllV+9ryh4GvAUuA77ZX3+zc8zwfXH9HP08xo13XXTjwc0pSL2YNg6p6HHjjDPVfAefOUC/gqkMcayOwcYb6DuD0HuYrSeoDP4EsSTIMJEmGgSQJw0CShGEgScIwkCRhGEiSMAwkSRgGkiQMA0kShoEkCcNAkoRhIEnCMJAkYRhIkjAMJEkYBpIkDANJEoaBJAnDQJKEYSBJwjCQJGEYSJIwDCRJGAaSJAwDSRKGgSQJw0CShGEgScIwkCRhGEiSMAwkSRgGkiQOIwySLEryQJLvtPVTk/wwyWSSbyY5rtVf1tYn2/YVXce4ptUfTXJ+V311q00mWT9/7UmSenE4VwYfAR7pWv8s8Pmqeh3wLHBlq18JPNvqn2/jSHIacAnwBmA18OUWMIuALwEXAKcBl7axkqQB6SkMkiwHLgS+2tYDvAO4rQ3ZBFzcli9q67Tt57bxFwG3VNXvq+oXwCRwdntNVtXjVfUH4JY2VpI0IIt7HPcF4GPAK9v6a4Dnqmp/W98NLGvLy4AnAapqf5Ln2/hlwD1dx+ze58mD6ufMNIkka4G1AGNjY3Q6nR6n/+fGlsC6M/bPPnCezXW+R2Jqamoo5x0W+13YRqnfQfc6axgkeTewt6ruSzLR/ykdWlVtADYAjI+P18TE3KbzxZs3c/3OXnNw/uy6bGLg5+x0Osz1z+lYZL8L2yj1O+hee/kb8a3Ae5K8C3g5cALwr8CJSRa3q4PlwJ42fg9wCrA7yWLgVcCvuuoHdO9zqLokaQBmfc+gqq6pquVVtYLpN4DvqqrLgLuB97Zha4DNbXlLW6dtv6uqqtUvaU8bnQqsBH4E3AusbE8nHdfOsWVeupMk9eRI7pX8C3BLkk8DDwA3tvqNwH8kmQT2Mf2XO1X1UJJbgYeB/cBVVfVHgCRXA9uARcDGqnroCOYlSTpMhxUGVdUBOm35caafBDp4zO+A9x1i/88An5mhvhXYejhzkSTNHz+BLEkyDCRJhoEkCcNAkoRhIEnCMJAkYRhIkjAMJEkYBpIkDANJEoaBJAnDQJKEYSBJwjCQJGEYSJIwDCRJGAaSJAwDSRKGgSQJw0CShGEgScIwkCRhGEiSMAwkSRgGkiQMA0kShoEkCcNAkoRhIEnCMJAkYRhIkjAMJEkYBpIkegiDJC9P8qMkP07yUJJPtPqpSX6YZDLJN5Mc1+ova+uTbfuKrmNd0+qPJjm/q7661SaTrJ//NiVJL6aXK4PfA++oqjcCZwKrk6wCPgt8vqpeBzwLXNnGXwk82+qfb+NIchpwCfAGYDXw5SSLkiwCvgRcAJwGXNrGSpIGZNYwqGlTbfWl7VXAO4DbWn0TcHFbvqit07afmyStfktV/b6qfgFMAme312RVPV5VfwBuaWMlSQPS03sG7Tf4B4G9wHbg58BzVbW/DdkNLGvLy4AnAdr254HXdNcP2udQdUnSgCzuZVBV/RE4M8mJwO3A3/Z1VoeQZC2wFmBsbIxOpzOn44wtgXVn7J994Dyb63yPxNTU1FDOOyz2u7CNUr+D7rWnMDigqp5LcjfwFuDEJIvbb//LgT1t2B7gFGB3ksXAq4BfddUP6N7nUPWDz78B2AAwPj5eExMThzP9P/nizZu5fudhtT4vdl02MfBzdjod5vrndCyy34VtlPoddK+9PE302nZFQJIlwDuBR4C7gfe2YWuAzW15S1unbb+rqqrVL2lPG50KrAR+BNwLrGxPJx3H9JvMW+ajOUlSb3r59XgpsKk99fMS4Naq+k6Sh4FbknwaeAC4sY2/EfiPJJPAPqb/cqeqHkpyK/AwsB+4qt1+IsnVwDZgEbCxqh6atw4lSbOaNQyq6ifAm2aoP870k0AH138HvO8Qx/oM8JkZ6luBrT3MV5LUB34CWZJkGEiSDANJEoaBJAnDQJKEYSBJwjCQJGEYSJIwDCRJGAaSJAwDSRKGgSQJw0CShGEgScIwkCRhGEiSMAwkSRgGkiQMA0kShoEkCcNAkoRhIEnCMJAkYRhIkjAMJEkYBpIkDANJEoaBJAnDQJKEYSBJwjCQJGEYSJIwDCRJ9BAGSU5JcneSh5M8lOQjrf7qJNuTPNZ+ntTqSXJDkskkP0lyVtex1rTxjyVZ01V/c5KdbZ8bkqQfzUqSZtbLlcF+YF1VnQasAq5KchqwHrizqlYCd7Z1gAuAle21FvgKTIcHcC1wDnA2cO2BAGljPtS13+ojb02S1KtZw6Cqnqqq+9vyr4FHgGXARcCmNmwTcHFbvgi4qabdA5yYZClwPrC9qvZV1bPAdmB123ZCVd1TVQXc1HUsSdIAHNZ7BklWAG8CfgiMVdVTbdPTwFhbXgY82bXb7lZ7sfruGeqSpAFZ3OvAJK8AvgV8tKpe6L6tX1WVpPowv4PnsJbpW0+MjY3R6XTmdJyxJbDujP3zOLPezHW+R2Jqamoo5x0W+13YRqnfQffaUxgkeSnTQXBzVX27lZ9JsrSqnmq3eva2+h7glK7dl7faHmDioHqn1ZfPMP4vVNUGYAPA+Ph4TUxMzDRsVl+8eTPX7+w5B+fNrssmBn7OTqfDXP+cjkX2u7CNUr+D7rWXp4kC3Ag8UlWf69q0BTjwRNAaYHNX/fL2VNEq4Pl2O2kbcF6Sk9obx+cB29q2F5Ksaue6vOtYkqQB6OXX47cCHwB2Jnmw1T4OXAfcmuRK4Ang/W3bVuBdwCTwW+AKgKral+RTwL1t3Ceral9b/jDwNWAJ8N32kiQNyKxhUFU/AA713P+5M4wv4KpDHGsjsHGG+g7g9NnmIknqDz+BLEkyDCRJhoEkCcNAkoRhIEnCMJAkYRhIkjAMJEkYBpIkDANJEoaBJAnDQJLEYfzjNjpyK9bfMfBzrjtjPx9cfwe7rrtw4OeWdOzwykCSZBhIkgwDSRKGgSQJw0CShGEgScIwkCRhGEiSMAwkSRgGkiQMA0kShoEkCcNAkoRhIEnCMJAkYRhIkjAMJEkYBpIkDANJEoaBJAnDQJJED2GQZGOSvUl+2lV7dZLtSR5rP09q9SS5Iclkkp8kOatrnzVt/GNJ1nTV35xkZ9vnhiSZ7yYlSS+ulyuDrwGrD6qtB+6sqpXAnW0d4AJgZXutBb4C0+EBXAucA5wNXHsgQNqYD3Xtd/C5JEl9NmsYVNV/A/sOKl8EbGrLm4CLu+o31bR7gBOTLAXOB7ZX1b6qehbYDqxu206oqnuqqoCbuo4lSRqQxXPcb6yqnmrLTwNjbXkZ8GTXuN2t9mL13TPUZ5RkLdNXHIyNjdHpdOY2+SWw7oz9c9r3WHOg17n+WR1rpqamRqZXsN+FbNC9zjUM/qSqKknNx2R6ONcGYAPA+Ph4TUxMzOk4X7x5M9fvPOLWjwnrztjP9TsXs+uyiWFPZSA6nQ5z/f/iWGS/C9ege53r00TPtFs8tJ97W30PcErXuOWt9mL15TPUJUkDNNcw2AIceCJoDbC5q355e6poFfB8u520DTgvyUntjePzgG1t2wtJVrWniC7vOpYkaUBmvVeS5BvABHBykt1MPxV0HXBrkiuBJ4D3t+FbgXcBk8BvgSsAqmpfkk8B97Zxn6yqA29Kf5jpJ5aWAN9tL0nSAM0aBlV16SE2nTvD2AKuOsRxNgIbZ6jvAE6fbR6SpP7xE8iSJMNAkmQYSJIwDCRJGAaSJAwDSRKGgSQJw0CShGEgScIwkCRhGEiSMAwkSRgGkiQMA0kShoEkCcNAkoRhIEnCMJAkYRhIkujh30DWwrBi/R1DOe+u6y4cynklHR6vDCRJhoEkyTCQJGEYSJIwDCRJGAaSJAwDSRKGgSQJw0CShGEgScIwkCThdxOpzwb9nUjrztjPB9s5/V4kqXdeGUiSjp4wSLI6yaNJJpOsH/Z8JGmUHBW3iZIsAr4EvBPYDdybZEtVPTzcmelY5td2S707KsIAOBuYrKrHAZLcAlwEGAY65gwyhHyPRPMlVTXsOZDkvcDqqvqHtv4B4JyquvqgcWuBtW319cCjczzlycAv57jvsWaUegX7XehGqd9+9Po3VfXamTYcLVcGPamqDcCGIz1Okh1VNT4PUzrqjVKvYL8L3Sj1O+hej5Y3kPcAp3StL281SdIAHC1hcC+wMsmpSY4DLgG2DHlOkjQyjorbRFW1P8nVwDZgEbCxqh7q4ymP+FbTMWSUegX7XehGqd+B9npUvIEsSRquo+U2kSRpiAwDSdLohEGSU5LcneThJA8l+ciw59RPSV6e5EdJftz6/cSw59RvSRYleSDJd4Y9l35LsivJziQPJtkx7Pn0W5ITk9yW5GdJHknylmHPqV+SvL79dz3weiHJR/t+3lF5zyDJUmBpVd2f5JXAfcDFC/UrL5IEOL6qppK8FPgB8JGqumfIU+ubJP8MjAMnVNW7hz2ffkqyCxivqpH4AFaSTcD/VNVX2xOHf1VVzw17Xv3WvqpnD9Mfwn2in+camSuDqnqqqu5vy78GHgGWDXdW/VPTptrqS9trwSZ/kuXAhcBXhz0Xza8krwLeDtwIUFV/GIUgaM4Fft7vIIARCoNuSVYAbwJ+ONyZ9Fe7bfIgsBfYXlULud8vAB8D/m/YExmQAr6f5L72NS0L2anA/wL/3m4DfjXJ8cOe1IBcAnxjECcauTBI8grgW8BHq+qFYc+nn6rqj1V1JtOf6D47yenDnlM/JHk3sLeq7hv2XAbobVV1FnABcFWStw97Qn20GDgL+EpVvQn4DbDgv+a+3Q57D/BfgzjfSIVBu3f+LeDmqvr2sOczKO2S+m5g9bDn0idvBd7T7qPfArwjyX8Od0r9VVV72s+9wO1Mf/PvQrUb2N11ZXsb0+Gw0F0A3F9VzwziZCMTBu0N1RuBR6rqc8OeT78leW2SE9vyEqb/rYifDXdW/VFV11TV8qpawfRl9V1V9fdDnlbfJDm+PQRBu11yHvDT4c6qf6rqaeDJJK9vpXMZja+3v5QB3SKCo+TrKAbkrcAHgJ3tPjrAx6tq6xDn1E9LgU3taYSXALdW1YJ/5HJEjAG3T/9+w2Lg61X1veFOqe/+Cbi53Tp5HLhiyPPpqxby7wT+cWDnHJVHSyVJhzYyt4kkSYdmGEiSDANJkmEgScIwkCRhGEiSMAwkScD/A3P6zoR5HTc7AAAAAElFTkSuQmCC\n",
            "text/plain": [
              "<Figure size 432x288 with 1 Axes>"
            ]
          },
          "metadata": {
            "needs_background": "light"
          }
        }
      ]
    },
    {
      "cell_type": "code",
      "metadata": {
        "colab": {
          "base_uri": "https://localhost:8080/"
        },
        "id": "D40Y4dORjzM6",
        "outputId": "d055f299-2eb2-4589-8995-7231bae99d77"
      },
      "source": [
        "eqdata.datetime.diff()"
      ],
      "execution_count": 46,
      "outputs": [
        {
          "output_type": "execute_result",
          "data": {
            "text/plain": [
              "0                          NaT\n",
              "1       0 days 04:00:36.640000\n",
              "2       0 days 01:27:30.980000\n",
              "3       0 days 04:11:20.150000\n",
              "4       0 days 08:27:54.500000\n",
              "                 ...          \n",
              "70793   0 days 00:00:30.140000\n",
              "70794   0 days 00:40:08.840000\n",
              "70795   0 days 00:03:55.330000\n",
              "70796   1 days 01:30:23.820000\n",
              "70797   0 days 01:46:57.240000\n",
              "Name: datetime, Length: 70798, dtype: timedelta64[ns]"
            ]
          },
          "metadata": {},
          "execution_count": 46
        }
      ]
    },
    {
      "cell_type": "code",
      "metadata": {
        "id": "X2ejLlwVkWQk"
      },
      "source": [
        "eqdata[\"tgaps\"]=eqdata.datetime.diff()"
      ],
      "execution_count": 47,
      "outputs": []
    },
    {
      "cell_type": "code",
      "metadata": {
        "id": "Zo6cnayBkjd0"
      },
      "source": [
        "ss = []\n",
        "for t in [(1984, 1986.5),\n",
        "          (1990.3, 1992.1),\n",
        "          (1994.6, 1995.6),\n",
        "          (1996.1,1996.5),\n",
        "          (1997,1997.6),\n",
        "          (1997.75,1998.15),\n",
        "          (1998.25,1999.35),\n",
        "          (2000.55,2000.8),\n",
        "          (2000.9 ,2001.25),\n",
        "          (2001.6 ,2002),\n",
        "          (2002.5 ,2003)]:\n",
        "\n",
        "    # for each pair I convert the year to datetime (easy)\n",
        "    # then I convert the fraction of year and convert it to days and convert that to a delta-time\n",
        "    # finally I add that deltatime to the year datetime.\n",
        "    ss.append((pd.to_datetime(int(t[0]), format=\"%Y\")\n",
        "        + pd.Timedelta('%.f days'%((t[0] - int(t[0])) * 365.25)),\n",
        "               pd.to_datetime(int(t[1]), format=\"%Y\")\n",
        "        + pd.Timedelta('%.f days'%((t[1] - int(t[1])) * 365.25))))"
      ],
      "execution_count": 48,
      "outputs": []
    },
    {
      "cell_type": "code",
      "metadata": {
        "colab": {
          "base_uri": "https://localhost:8080/"
        },
        "id": "cr66D9q0kjIY",
        "outputId": "cafa5848-bd57-4802-85c3-9bca4065f6ff"
      },
      "source": [
        "eqdata[eqdata.mag>3] #sub selects "
      ],
      "execution_count": 49,
      "outputs": [
        {
          "output_type": "execute_result",
          "data": {
            "text/plain": [
              "0        False\n",
              "1        False\n",
              "2        False\n",
              "3        False\n",
              "4        False\n",
              "         ...  \n",
              "70793    False\n",
              "70794    False\n",
              "70795    False\n",
              "70796    False\n",
              "70797    False\n",
              "Name: mag, Length: 70798, dtype: bool"
            ]
          },
          "metadata": {},
          "execution_count": 49
        }
      ]
    },
    {
      "cell_type": "code",
      "metadata": {
        "id": "qvN4d_qYlV9Z"
      },
      "source": [
        ""
      ],
      "execution_count": null,
      "outputs": []
    }
  ]
}